Lmod has detected the following error: The following module(s) are unknown:
"CUDA/10.1.243"

Please check the spelling or version number. Also try "module spider ..."
It is also possible your cache file is out-of-date; it may help to try:
  $ module --ignore-cache load "CUDA/10.1.243"

Also make sure that all modulefiles written in TCL start with the string
#%Module



Lmod has detected the following error: The following module(s) are unknown:
"OpenMPI/3.1.4"

Please check the spelling or version number. Also try "module spider ..."
It is also possible your cache file is out-of-date; it may help to try:
  $ module --ignore-cache load "OpenMPI/3.1.4"

Also make sure that all modulefiles written in TCL start with the string
#%Module



Lmod has detected the following error: The following module(s) are unknown:
"cuDNN/7.6.4.38"

Please check the spelling or version number. Also try "module spider ..."
It is also possible your cache file is out-of-date; it may help to try:
  $ module --ignore-cache load "cuDNN/7.6.4.38"

Also make sure that all modulefiles written in TCL start with the string
#%Module



Lmod has detected the following error: The following module(s) are unknown:
"Python/3.7.4"

Please check the spelling or version number. Also try "module spider ..."
It is also possible your cache file is out-of-date; it may help to try:
  $ module --ignore-cache load "Python/3.7.4"

Also make sure that all modulefiles written in TCL start with the string
#%Module




Currently Loaded Modules:
  1) GCCcore/8.3.0                   3) binutils/2.32-GCCcore-8.3.0 (H)
  2) zlib/1.2.11-GCCcore-8.3.0 (H)   4) GCC/8.3.0

  Where:
   H:  Hidden Module

 

/var/slurm_spool/job218116/slurm_script: line 24: python: command not found
/var/slurm_spool/job218116/slurm_script: /cluster/home/haakosbo/.local/bin/pip: /share/apps/software/Python/3.7.4-GCCcore-8.3.0/bin/python: bad interpreter: No such file or directory
/var/slurm_spool/job218116/slurm_script: line 27: /lustre1/work/haakosbo/env/python374/bin/activate: No such file or directory
/var/slurm_spool/job218116/slurm_script: /cluster/home/haakosbo/.local/bin/pip: /share/apps/software/Python/3.7.4-GCCcore-8.3.0/bin/python: bad interpreter: No such file or directory
/var/slurm_spool/job218116/slurm_script: /cluster/home/haakosbo/.local/bin/pip: /share/apps/software/Python/3.7.4-GCCcore-8.3.0/bin/python: bad interpreter: No such file or directory
/var/slurm_spool/job218116/slurm_script: /cluster/home/haakosbo/.local/bin/pip: /share/apps/software/Python/3.7.4-GCCcore-8.3.0/bin/python: bad interpreter: No such file or directory
Now the Modules, Virtual Environment and Packages are loaded
Starting to setup for SBATCH
/var/slurm_spool/job218116/slurm_script: line 39: python: command not found
Linux idun-06-03 4.18.0-193.el8.x86_64 #1 SMP Fri May 8 10:59:10 UTC 2020 x86_64 x86_64 x86_64 GNU/Linux
